<?xml version="1.0" encoding="UTF-8"?>
<!-- Generated by org.testng.reporters.JUnitReportReporter -->
<testsuite skipped="0" hostname="Mohammeds-MBP" name="test.TestExecution" tests="5" failures="0" timestamp="2020-09-20T15:44:05 EET" time="15.307" errors="0">
  <testcase name="clickOnSiginBtn" time="2.003" classname="test.TestExecution"/>
  <system-out/>
  <testcase name="createNewAccountBtn" time="0.469" classname="test.TestExecution"/>
  <system-out/>
  <testcase name="fillNewUserData" time="7.590" classname="test.TestExecution"/>
  <system-out/>
  <testcase name="clickOnSignOutBtn" time="2.972" classname="test.TestExecution"/>
  <system-out/>
  <testcase name="userLogin" time="2.273" classname="test.TestExecution"/>
  <system-out/>
</testsuite> <!-- test.TestExecution -->
